   1              	 .syntax unified
   2              	 .cpu cortex-m4
   3              	 .eabi_attribute 27,3
   4              	 .fpu fpv4-sp-d16
   5              	 .eabi_attribute 20,1
   6              	 .eabi_attribute 21,1
   7              	 .eabi_attribute 23,3
   8              	 .eabi_attribute 24,1
   9              	 .eabi_attribute 25,1
  10              	 .eabi_attribute 26,1
  11              	 .eabi_attribute 30,6
  12              	 .eabi_attribute 34,1
  13              	 .eabi_attribute 18,4
  14              	 .thumb
  15              	 .file "ip.c"
  16              	 .text
  17              	.Ltext0:
  18              	 .cfi_sections .debug_frame
  19              	 .comm ip_data,24,4
  20              	.Letext0:
  21              	 .file 1 "d:\\program files\\dave\\dave-ide-4.4.2-64bit\\eclipse\\arm-gcc-49\\arm-none-eabi\\include\\machine\\_default_types.h"
  22              	 .file 2 "d:\\program files\\dave\\dave-ide-4.4.2-64bit\\eclipse\\arm-gcc-49\\arm-none-eabi\\include\\stdint.h"
  23              	 .file 3 "D:/Users/Beheerder/Desktop/GPSBox/SensorMaritime-SensorBox/Sensorbox_firmware/GPSGyroAnalysisTool/GpsGyroAnalysisTool/GpsGyroAnalysisTool/Dave/Generated/ETH_LWIP/lwip/include/lwip/arch.h"
  24              	 .file 4 "D:/Users/Beheerder/Desktop/GPSBox/SensorMaritime-SensorBox/Sensorbox_firmware/GPSGyroAnalysisTool/GpsGyroAnalysisTool/GpsGyroAnalysisTool/Dave/Generated/ETH_LWIP/lwip/include/lwip/ip4_addr.h"
  25              	 .file 5 "D:/Users/Beheerder/Desktop/GPSBox/SensorMaritime-SensorBox/Sensorbox_firmware/GPSGyroAnalysisTool/GpsGyroAnalysisTool/GpsGyroAnalysisTool/Dave/Generated/ETH_LWIP/lwip/include/lwip/ip_addr.h"
  26              	 .file 6 "D:/Users/Beheerder/Desktop/GPSBox/SensorMaritime-SensorBox/Sensorbox_firmware/GPSGyroAnalysisTool/GpsGyroAnalysisTool/GpsGyroAnalysisTool/Dave/Generated/ETH_LWIP/lwip/include/lwip/err.h"
  27              	 .file 7 "D:/Users/Beheerder/Desktop/GPSBox/SensorMaritime-SensorBox/Sensorbox_firmware/GPSGyroAnalysisTool/GpsGyroAnalysisTool/GpsGyroAnalysisTool/Dave/Generated/ETH_LWIP/lwip/include/lwip/pbuf.h"
  28              	 .file 8 "D:/Users/Beheerder/Desktop/GPSBox/SensorMaritime-SensorBox/Sensorbox_firmware/GPSGyroAnalysisTool/GpsGyroAnalysisTool/GpsGyroAnalysisTool/Dave/Generated/ETH_LWIP/lwip/include/lwip/netif.h"
  29              	 .file 9 "D:/Users/Beheerder/Desktop/GPSBox/SensorMaritime-SensorBox/Sensorbox_firmware/GPSGyroAnalysisTool/GpsGyroAnalysisTool/GpsGyroAnalysisTool/Dave/Generated/ETH_LWIP/lwip/include/lwip/prot/ip4.h"
  30              	 .file 10 "D:/Users/Beheerder/Desktop/GPSBox/SensorMaritime-SensorBox/Sensorbox_firmware/GPSGyroAnalysisTool/GpsGyroAnalysisTool/GpsGyroAnalysisTool/Dave/Generated/ETH_LWIP/lwip/include/lwip/ip.h"
  31              	 .file 11 "D:/Users/Beheerder/Desktop/GPSBox/SensorMaritime-SensorBox/Sensorbox_firmware/GPSGyroAnalysisTool/GpsGyroAnalysisTool/GpsGyroAnalysisTool/Libraries/CMSIS/Include/cmsis_gcc.h"
  32              	 .file 12 "D:/Users/Beheerder/Desktop/GPSBox/SensorMaritime-SensorBox/Sensorbox_firmware/GPSGyroAnalysisTool/GpsGyroAnalysisTool/GpsGyroAnalysisTool/Libraries/CMSIS/Include/core_cm4.h"
  33              	 .file 13 "../Dave/Generated/ETH_LWIP/lwip/core/ip.c"
  34              	 .file 14 "D:/Users/Beheerder/Desktop/GPSBox/SensorMaritime-SensorBox/Sensorbox_firmware/GPSGyroAnalysisTool/GpsGyroAnalysisTool/GpsGyroAnalysisTool/Dave/Generated/ETH_LWIP/lwip/include/lwip/memp.h"
DEFINED SYMBOLS
                            *ABS*:00000000 ip.c
                            *COM*:00000018 ip_data

NO UNDEFINED SYMBOLS
